07/24/19 12:21:15 PM - Building message catalogs...
07/24/19 12:21:15 PM - Building Linux x86 64 install...  
07/24/19 12:21:15 PM - Building main.tcl...
07/24/19 12:21:15 PM - Refreshing file groups...
07/24/19 12:21:15 PM - Getting file list...
07/24/19 12:21:15 PM - Building file manifest...
07/24/19 12:21:15 PM - Saving install information...
07/24/19 12:21:16 PM - Building install...
07/24/19 12:21:16 PM - Building install executable...
07/24/19 12:21:33 PM - Linux x86 64 build completed in 00m18s.
07/24/19 12:21:33 PM - Installer size is 246.78 MB.
07/24/19 12:21:33 PM - Build completed in 00m18s.
07/24/19 07:12:41 PM - Building message catalogs...
07/24/19 07:12:41 PM - Building Linux x86 64 install...  
07/24/19 07:12:41 PM - Building main.tcl...
07/24/19 07:12:41 PM - Refreshing file groups...
07/24/19 07:12:41 PM - Getting file list...
07/24/19 07:12:41 PM - Building file manifest...
07/24/19 07:12:41 PM - Saving install information...
07/24/19 07:12:42 PM - Building install...
07/24/19 07:12:42 PM - Building install executable...
07/24/19 07:13:01 PM - Linux x86 64 build completed in 00m20s.
07/24/19 07:13:01 PM - Installer size is 246.70 MB.
07/24/19 07:13:01 PM - Build completed in 00m20s.
07/24/19 07:19:23 PM - Building message catalogs...
07/24/19 07:19:23 PM - Building Linux x86 64 install...  
07/24/19 07:19:23 PM - Building main.tcl...
07/24/19 07:19:23 PM - Refreshing file groups...
07/24/19 07:19:23 PM - Getting file list...
07/24/19 07:19:23 PM - Building file manifest...
07/24/19 07:19:23 PM - Saving install information...
07/24/19 07:19:24 PM - Building install...
07/24/19 07:19:24 PM - Building install executable...
07/24/19 07:19:42 PM - Linux x86 64 build completed in 00m19s.
07/24/19 07:19:42 PM - Installer size is 246.69 MB.
07/24/19 07:19:42 PM - Build completed in 00m19s.
07/25/19 10:22:15 AM - Building message catalogs...
07/25/19 10:22:16 AM - Building Linux x86 64 install...  
07/25/19 10:22:16 AM - Building main.tcl...
07/25/19 10:22:16 AM - Refreshing file groups...
07/25/19 10:22:16 AM - Getting file list...
07/25/19 10:22:16 AM - Building file manifest...
07/25/19 10:22:16 AM - Saving install information...
07/25/19 10:22:17 AM - Building install...
07/25/19 10:22:17 AM - Building install executable...
07/25/19 10:22:37 AM - Linux x86 64 build completed in 00m21s.
07/25/19 10:22:37 AM - Installer size is 246.69 MB.
07/25/19 10:22:37 AM - Build completed in 00m22s.
07/25/19 12:23:37 PM - Building message catalogs...
07/25/19 12:23:37 PM - Building Linux x86 64 install...  
07/25/19 12:23:37 PM - Building main.tcl...
07/25/19 12:23:37 PM - Refreshing file groups...
07/25/19 12:23:37 PM - Getting file list...
07/25/19 12:23:37 PM - Building file manifest...
07/25/19 12:23:37 PM - Saving install information...
07/25/19 12:23:38 PM - Building install...
07/25/19 12:23:39 PM - Building install executable...
07/25/19 12:23:56 PM - Linux x86 64 build completed in 00m19s.
07/25/19 12:23:56 PM - Installer size is 246.69 MB.
07/25/19 12:23:56 PM - Build completed in 00m19s.
07/30/19 12:01:27 PM - Building message catalogs...
07/30/19 12:01:28 PM - Building Linux x86 64 install...  
07/30/19 12:01:28 PM - Building main.tcl...
07/30/19 12:01:28 PM - Refreshing file groups...
07/30/19 12:01:28 PM - Getting file list...
07/30/19 12:01:28 PM - Building file manifest...
07/30/19 12:01:28 PM - Saving install information...
07/30/19 12:01:29 PM - Building install...
07/30/19 12:01:29 PM - Building install executable...
07/30/19 12:01:50 PM - Linux x86 64 build completed in 00m23s.
07/30/19 12:01:50 PM - Installer size is 246.79 MB.
07/30/19 12:01:50 PM - Build completed in 00m23s.
07/30/19 12:29:31 PM - Building message catalogs...
07/30/19 12:29:31 PM - Building Linux x86 64 install...  
07/30/19 12:29:31 PM - Building main.tcl...
07/30/19 12:29:31 PM - Refreshing file groups...
07/30/19 12:29:31 PM - Getting file list...
07/30/19 12:29:31 PM - Building file manifest...
07/30/19 12:29:31 PM - Saving install information...
07/30/19 12:29:32 PM - Building install...
07/30/19 12:29:32 PM - Building install executable...
07/30/19 12:29:49 PM - Linux x86 64 build completed in 00m18s.
07/30/19 12:29:49 PM - Installer size is 246.84 MB.
07/30/19 12:29:49 PM - Build completed in 00m18s.
08/21/19 10:57:41 AM - Building message catalogs...
08/21/19 10:57:42 AM - Building Linux x86 64 install...  
08/21/19 10:57:42 AM - Building main.tcl...
08/21/19 10:57:42 AM - Refreshing file groups...
08/21/19 10:57:42 AM - Getting file list...
08/21/19 10:57:42 AM - Building file manifest...
08/21/19 10:57:42 AM - Saving install information...
08/21/19 10:57:43 AM - Building install...
08/21/19 10:57:43 AM - Building install executable...
08/21/19 10:58:02 AM - Linux x86 64 build completed in 00m20s.
08/21/19 10:58:02 AM - Installer size is 246.98 MB.
08/21/19 10:58:02 AM - Build completed in 00m21s.
08/23/19 10:21:18 AM - Building message catalogs...
08/23/19 10:21:18 AM - Building Linux x86 64 install...  
08/23/19 10:21:18 AM - Building main.tcl...
08/23/19 10:21:18 AM - Refreshing file groups...
08/23/19 10:21:18 AM - Getting file list...
08/23/19 10:21:19 AM - Building file manifest...
08/23/19 10:21:19 AM - Saving install information...
08/23/19 10:21:19 AM - Building install...
08/23/19 10:21:20 AM - Building install executable...
08/23/19 10:21:40 AM - Linux x86 64 build completed in 00m22s.
08/23/19 10:21:40 AM - Installer size is 246.98 MB.
08/23/19 10:21:40 AM - Build completed in 00m22s.
01/30/15 12:12:19 AM - Building message catalogs...
01/30/15 12:12:19 AM - Building Linux x86 64 install...  
01/30/15 12:12:19 AM - Building main.tcl...
01/30/15 12:12:19 AM - Refreshing file groups...
01/30/15 12:12:19 AM - Getting file list...
01/30/15 12:12:19 AM - Building file manifest...
01/30/15 12:12:19 AM - Saving install information...
01/30/15 12:12:19 AM - Building install...
01/30/15 12:12:19 AM - Building install executable...
01/30/15 12:12:34 AM - Linux x86 64 build completed in 00m15s.
01/30/15 12:12:34 AM - Installer size is 294.03 MB.
01/30/15 12:12:34 AM - Build completed in 00m15s.
01/31/15 07:43:44 PM - Building message catalogs...
01/31/15 07:43:44 PM - Building Linux x86 64 install...  
01/31/15 07:43:44 PM - Building main.tcl...
01/31/15 07:43:44 PM - Refreshing file groups...
01/31/15 07:43:44 PM - Getting file list...
01/31/15 07:43:44 PM - Building file manifest...
01/31/15 07:43:44 PM - Saving install information...
01/31/15 07:43:44 PM - Building install...
01/31/15 07:43:44 PM - Building install executable...
01/31/15 07:43:59 PM - Linux x86 64 build completed in 00m15s.
01/31/15 07:43:59 PM - Installer size is 294.05 MB.
01/31/15 07:43:59 PM - Build completed in 00m15s.
01/31/15 10:28:54 PM - Building message catalogs...
01/31/15 10:28:54 PM - Building Linux x86 64 install...  
01/31/15 10:28:54 PM - Building main.tcl...
01/31/15 10:28:54 PM - Refreshing file groups...
01/31/15 10:28:54 PM - Getting file list...
01/31/15 10:28:54 PM - Building file manifest...
01/31/15 10:28:54 PM - Saving install information...
01/31/15 10:28:54 PM - Building install...
01/31/15 10:28:54 PM - Building install executable...
01/31/15 10:29:09 PM - Linux x86 64 build completed in 00m15s.
01/31/15 10:29:09 PM - Installer size is 294.05 MB.
01/31/15 10:29:09 PM - Build completed in 00m15s.
01/31/15 10:57:44 PM - Building message catalogs...
01/31/15 10:57:44 PM - Building Linux x86 64 install...  
01/31/15 10:57:44 PM - Building main.tcl...
01/31/15 10:57:44 PM - Refreshing file groups...
01/31/15 10:57:44 PM - Getting file list...
01/31/15 10:57:44 PM - Building file manifest...
01/31/15 10:57:44 PM - Saving install information...
01/31/15 10:57:44 PM - Building install...
01/31/15 10:57:44 PM - Building install executable...
01/31/15 10:57:59 PM - Linux x86 64 build completed in 00m15s.
01/31/15 10:57:59 PM - Installer size is 294.05 MB.
01/31/15 10:57:59 PM - Build completed in 00m15s.
